==== START Wed 05/13/2026 21:01:01.58 ====
[2026-05-13 21:01:04] python: C:\Users\Admin\AppData\Local\Programs\Python\Python314\python.exe
[2026-05-13 21:01:04] adb: C:\Users\Admin\AppData\Local\Android\Sdk\platform-tools\adb.EXE
[2026-05-13 21:01:04] serial target: 127.0.0.1:16448
[2026-05-13 21:01:18] serial: 127.0.0.1:16448
[2026-05-13 21:01:18] stage: b1b4
[2026-05-13 21:01:18] keyword: bay xay dung
[2026-05-13 21:01:18] delay multiplier: 1.35
[2026-05-13 21:01:18] run stage: b1b4
[2026-05-13 21:01:18] SocksDroid gate: VPN fake IP already active
[2026-05-13 21:01:31] tap home-tab anchor at (54,926)
[2026-05-13 21:01:39] home feed swipe count: 2
[2026-05-13 21:01:40] swipe home feed 1/2
[2026-05-13 21:01:47] swipe home feed 2/2
[2026-05-13 21:01:53] open_search_screen attempt 1/3
[2026-05-13 21:01:56] tap discover-tab fallback at (162,926)
[2026-05-13 21:01:59] tap search-icon fallback 1 at (497,120)
[2026-05-13 21:02:37] tap search-icon fallback 2 at (497,101)
[2026-05-13 21:02:50] tap search-bar fallback at (270,110)
[2026-05-13 21:03:02] open_search_screen attempt 2/3
[2026-05-13 21:03:02] ANR popup detected, trying recover
[2026-05-13 21:03:04] bring app front com.zhiliaoapp.musically attempt 1/3
[2026-05-13 21:03:04] SocksDroid gate: VPN fake IP already active
[2026-05-13 21:03:07] tap discover-tab fallback at (162,926)
[2026-05-13 21:03:10] tap search-icon fallback 1 at (497,120)
[2026-05-13 21:03:13] tap search-icon fallback 2 at (497,101)
[2026-05-13 21:03:15] tap search-bar fallback at (270,110)
[2026-05-13 21:03:18] open_search_screen attempt 3/3
[2026-05-13 21:03:19] tap discover-tab fallback at (162,926)
[2026-05-13 21:03:22] tap search-icon fallback 1 at (497,120)
[2026-05-13 21:03:29] tap search-icon fallback 2 at (497,101)
[2026-05-13 21:03:36] tap search-bar fallback at (270,110)
[2026-05-13 21:03:46] cleanup: stopping TikTok app
[2026-05-13 21:03:49] FLOW_FAILED: Cannot open search screen after 3 attempts
EXIT_CODE=3
==== END Wed 05/13/2026 21:03:50.01 ====
