[2026-05-14 12:31:02] python: C:\Users\Admin\AppData\Local\Programs\Python\Python314\python.exe
[2026-05-14 12:31:02] adb: C:\Users\Admin\AppData\Local\Android\Sdk\platform-tools\adb.EXE
[2026-05-14 12:31:02] serial target: 127.0.0.1:16448
[2026-05-14 12:31:04] critical gate: verify SocksDroid fake IP before TikTok flow
[2026-05-14 12:31:04] SocksDroid gate: VPN fake IP already active
[2026-05-14 12:31:04] serial: 127.0.0.1:16448
[2026-05-14 12:31:04] keyword: mang keo rang cua
[2026-05-14 12:31:04] delay multiplier: 1.35
[2026-05-14 12:31:04] pre-search warmup swipes: 1
[2026-05-14 12:31:04] flow attempt 1/3
[2026-05-14 12:31:05] stabilize app startup for 5s
[2026-05-14 12:31:11] step 1: go home
[2026-05-14 12:31:15] go_home_tab bottom-left fallback: retry tap 2/2
[2026-05-14 12:31:18] go_home_tab: home-tab text not confirmed after fallback taps; continue with app-front context
[2026-05-14 12:31:18] step 2: open search
[2026-05-14 12:31:19] open search tab
[2026-05-14 12:31:20] search box already visible
[2026-05-14 12:31:20] step 3: search keyword
[2026-05-14 12:31:22] search input ready (attempt 1/5)
[2026-05-14 12:31:24] typed keyword: mang keo rang cua
[2026-05-14 12:31:28] submitted keyword search
[2026-05-14 12:31:50] search verification: keyword visible on UI
[2026-05-14 12:31:50] step 4: scroll results
[2026-05-14 12:31:50] scroll search results 2 lines
[2026-05-14 12:32:11] step 5: open first video
[2026-05-14 12:32:14] open first visible video from results
[2026-05-14 12:32:15] try open video candidate 1 at (118,326)
[2026-05-14 12:32:31] video opened: activity=com.ss.android.ugc.aweme.detail.ui.DetailActivity
[2026-05-14 12:32:31] step 6: watch current video to end
[2026-05-14 12:32:41] wait current video ~10s
[2026-05-14 12:33:13] step 7: watch next 3 videos
[2026-05-14 12:33:13] watch video 1 for 8s
[2026-05-14 12:33:33] watch video 2 for 8s
[2026-05-14 12:34:10] watch video 3 for 10s
[2026-05-14 12:34:39] step 8: return to home
[2026-05-14 12:34:39] ensure_app_front: bring app front attempt 1/3 (current=app.lawnchair)
[2026-05-14 12:34:39] SocksDroid gate: VPN fake IP already active
[2026-05-14 12:35:20] flow completed
[2026-05-14 12:35:20] cleanup: stopping TikTok app
