[2026-05-13 20:27:06] python: C:\Users\Admin\AppData\Local\Programs\Python\Python314\python.exe
[2026-05-13 20:27:06] adb: C:\Users\Admin\AppData\Local\Android\Sdk\platform-tools\adb.EXE
[2026-05-13 20:27:06] serial target: 127.0.0.1:16448
[2026-05-13 20:27:07] critical gate: verify SocksDroid fake IP before TikTok flow
[2026-05-13 20:27:07] SocksDroid gate: VPN fake IP already active
[2026-05-13 20:27:07] serial: 127.0.0.1:16448
[2026-05-13 20:27:07] keyword: may khoan vit
[2026-05-13 20:27:07] delay multiplier: 1.00
[2026-05-13 20:27:07] pre-search warmup swipes: 0
[2026-05-13 20:27:07] flow attempt 1/3
[2026-05-13 20:27:07] ANR popup detected, trying recover.
[2026-05-13 20:27:16] stabilize app startup for 5s
[2026-05-13 20:27:22] step 1: go home
[2026-05-13 20:27:33] go_home_tab bottom-left fallback: retry tap 2/2
[2026-05-13 20:28:26] go_home_tab: home-tab text not confirmed after fallback taps; continue with app-front context
[2026-05-13 20:28:26] step 2: open search
[2026-05-13 20:28:27] open search tab
[2026-05-13 20:28:27] search box already visible
[2026-05-13 20:28:27] step 3: search keyword
[2026-05-13 20:28:28] search input ready (attempt 1/5)
[2026-05-13 20:29:42] search_keyword focus top bar: retry tap 2/2
[2026-05-13 20:30:01] flow attempt 1 failed: Search box not available
[2026-05-13 20:30:01] recover: reset app state to TikTok home
[2026-05-13 20:30:18] ensure_app_front: bring app front attempt 1/3 (current=app.lawnchair)
[2026-05-13 20:30:18] SocksDroid gate: VPN fake IP already active
[2026-05-13 20:30:33] stabilize app startup for 4s
